<?xml version="1.0" encoding="UTF-8"?>
<testng-results ignored="0" total="2" passed="2" failed="0" skipped="0">
  <reporter-output>
  </reporter-output>
  <suite started-at="2021-01-26T23:48:21 EET" name="Default suite" finished-at="2021-01-26T23:48:25 EET" duration-ms="4090">
    <groups>
    </groups>
    <test started-at="2021-01-26T23:48:21 EET" name="Default test" finished-at="2021-01-26T23:48:25 EET" duration-ms="4090">
      <class name="testCases.Postman">
        <test-method signature="GetAllPosts()[pri:0, instance:testCases.Postman@5efa40fe]" started-at="2021-01-26T23:48:21 EET" name="GetAllPosts" finished-at="2021-01-26T23:48:25 EET" duration-ms="3927" status="PASS">
          <reporter-output>
          </reporter-output>
        </test-method> <!-- GetAllPosts -->
        <test-method signature="GetPostsById()[pri:0, instance:testCases.Postman@5efa40fe]" started-at="2021-01-26T23:48:21 EET" name="GetPostsById" finished-at="2021-01-26T23:48:24 EET" duration-ms="3854" status="PASS">
          <reporter-output>
          </reporter-output>
        </test-method> <!-- GetPostsById -->
      </class> <!-- testCases.Postman -->
    </test> <!-- Default test -->
  </suite> <!-- Default suite -->
</testng-results>
